Line 147: Property TabPicture(4) in SSTab1 had an invalid file reference.
Line 159: Property TabPicture(5) in SSTab1 had an invalid file reference.
Line 173: Property TabPicture(6) in SSTab1 had an invalid file reference.
Line 1034: Property List in List7 could not be set.
Line 1034: Property ItemData in List7 could not be set.
Line 1471: Property List in List6 could not be set.
Line 1471: Property ItemData in List6 could not be set.
Line 2609: Property Picture in ListImage1 had an invalid file reference.
Line 2613: Property Picture in ListImage2 had an invalid file reference.
Line 2617: Property Picture in ListImage3 had an invalid file reference.
Line 2621: Property Picture in ListImage4 had an invalid file reference.
Line 2625: Property Picture in ListImage5 had an invalid file reference.
Line 2629: Property Picture in ListImage6 had an invalid file reference.
Line 2633: Property Picture in ListImage7 had an invalid file reference.
Line 2637: Property Picture in ListImage8 had an invalid file reference.
Line 2641: Property Picture in ListImage9 had an invalid file reference.
Line 2645: Property Picture in ListImage10 had an invalid file reference.
Line 2649: Property Picture in ListImage11 had an invalid file reference.
Line 2653: Property Picture in ListImage12 had an invalid file reference.
Line 2657: Property Picture in ListImage13 had an invalid file reference.
Line 2825: Property List in List10 could not be set.
Line 2825: Property ItemData in List10 could not be set.
Line 2837: Property List in List9 could not be set.
Line 2837: Property ItemData in List9 could not be set.
Line 2861: Property List in text1 could not be set.
Line 2861: Property ItemData in text1 could not be set.
